<?xml version="1.0" encoding="UTF-8"?>
<testng-results skipped="0" failed="0" total="1" passed="1">
  <reporter-output>
  </reporter-output>
  <suite name="Default suite" duration-ms="16930" started-at="2021-08-04T02:19:37Z" finished-at="2021-08-04T02:19:54Z">
    <groups>
    </groups>
    <test name="Default test" duration-ms="16930" started-at="2021-08-04T02:19:37Z" finished-at="2021-08-04T02:19:54Z">
      <class name="com.acti.testcase.TaskPageTest">
        <test-method status="PASS" signature="setUp()[pri:0, instance:com.acti.testcase.TaskPageTest@3bfdc050]" name="setUp" is-config="true" duration-ms="7979" started-at="2021-08-04T07:49:39Z" finished-at="2021-08-04T07:49:47Z">
          <reporter-output>
          </reporter-output>
        </test-method> <!-- setUp -->
        <test-method status="PASS" signature="testDeleteCustomer(java.lang.String, java.lang.String)[pri:0, instance:com.acti.testcase.TaskPageTest@3bfdc050]" name="testDeleteCustomer" duration-ms="7730" started-at="2021-08-04T07:49:47Z" data-provider="actidata" finished-at="2021-08-04T07:49:54Z">
          <params>
            <param index="0">
              <value>
                <![CDATA[admin]]>
              </value>
            </param>
            <param index="1">
              <value>
                <![CDATA[manager]]>
              </value>
            </param>
          </params>
          <reporter-output>
          </reporter-output>
        </test-method> <!-- testDeleteCustomer -->
        <test-method status="PASS" signature="tearDown()[pri:0, instance:com.acti.testcase.TaskPageTest@3bfdc050]" name="tearDown" is-config="true" duration-ms="1" started-at="2021-08-04T07:49:54Z" finished-at="2021-08-04T07:49:54Z">
          <reporter-output>
          </reporter-output>
        </test-method> <!-- tearDown -->
      </class> <!-- com.acti.testcase.TaskPageTest -->
    </test> <!-- Default test -->
  </suite> <!-- Default suite -->
</testng-results>
