<?xml version="1.0" encoding="UTF-8"?>
<testng-results skipped="0" failed="0" total="1" passed="1">
  <reporter-output>
  </reporter-output>
  <suite name="Default suite" duration-ms="8379" started-at="2021-08-03T02:23:00Z" finished-at="2021-08-03T02:23:08Z">
    <groups>
    </groups>
    <test name="Default test" duration-ms="8379" started-at="2021-08-03T02:23:00Z" finished-at="2021-08-03T02:23:08Z">
      <class name="com.acti.testcase.TaskPageTest">
        <test-method status="PASS" signature="setUp()[pri:0, instance:com.acti.testcase.TaskPageTest@1e88b3c]" name="setUp" is-config="true" duration-ms="8231" started-at="2021-08-03T07:53:00Z" finished-at="2021-08-03T07:53:08Z">
          <reporter-output>
          </reporter-output>
        </test-method> <!-- setUp -->
        <test-method status="PASS" signature="testCreateCustomer()[pri:0, instance:com.acti.testcase.TaskPageTest@1e88b3c]" name="testCreateCustomer" duration-ms="11" started-at="2021-08-03T07:53:08Z" finished-at="2021-08-03T07:53:08Z">
          <reporter-output>
          </reporter-output>
        </test-method> <!-- testCreateCustomer -->
        <test-method status="PASS" signature="tearDown()[pri:0, instance:com.acti.testcase.TaskPageTest@1e88b3c]" name="tearDown" is-config="true" duration-ms="91" started-at="2021-08-03T07:53:08Z" finished-at="2021-08-03T07:53:08Z">
          <reporter-output>
          </reporter-output>
        </test-method> <!-- tearDown -->
      </class> <!-- com.acti.testcase.TaskPageTest -->
    </test> <!-- Default test -->
  </suite> <!-- Default suite -->
</testng-results>
